[0m18:03:48.718360 [debug] [MainThread]: Sending event: {'category': 'dbt', 'action': 'invocation', 'label': 'start', 'context': [<snowplow_tracker.self_describing_json.SelfDescribingJson object at 0x000001AFB5529880>, <snowplow_tracker.self_describing_json.SelfDescribingJson object at 0x000001AFB5F88800>, <snowplow_tracker.self_describing_json.SelfDescribingJson object at 0x000001AFB5DB94C0>]}


============================== 18:03:48.754036 | 4b7a7379-f017-439d-822c-2370439d074f ==============================
[0m18:03:48.754036 [info ] [MainThread]: Running with dbt=1.8.6
[0m18:03:48.756033 [debug] [MainThread]: running dbt with arguments {'printer_width': '80', 'indirect_selection': 'eager', 'log_cache_events': 'False', 'write_json': 'True', 'partial_parse': 'True', 'cache_selected_only': 'False', 'profiles_dir': 'C:\\Users\\galwo\\.dbt', 'fail_fast': 'False', 'debug': 'False', 'log_path': 'logs', 'version_check': 'True', 'warn_error': 'None', 'use_colors': 'True', 'use_experimental_parser': 'False', 'no_print': 'None', 'quiet': 'False', 'empty': 'None', 'log_format': 'default', 'introspect': 'True', 'warn_error_options': 'WarnErrorOptions(include=[], exclude=[])', 'static_parser': 'True', 'target_path': 'None', 'invocation_command': 'dbt init', 'send_anonymous_usage_stats': 'True'}
[0m18:04:18.992665 [debug] [MainThread]: Starter project path: C:\workspace\bi\dbt_project\dbt_venv\Lib\site-packages\dbt\include\starter_project
[0m18:04:19.026201 [info ] [MainThread]: 
Your new dbt project "dbt_tutorial" was created!

For more information on how to configure the profiles.yml file,
please consult the dbt documentation here:

  https://docs.getdbt.com/docs/configure-your-profile

One more thing:

Need help? Don't hesitate to reach out to us via GitHub issues or on Slack:

  https://community.getdbt.com/

Happy modeling!

[0m18:04:19.027198 [info ] [MainThread]: Setting up your profile.
[0m18:10:19.145758 [info ] [MainThread]: Profile dbt_tutorial written to C:\Users\galwo\.dbt\profiles.yml using target's profile_template.yml and your supplied values. Run 'dbt debug' to validate the connection.
[0m18:10:19.153738 [debug] [MainThread]: Command `dbt init` succeeded at 18:10:19.153738 after 391.12 seconds
[0m18:10:19.154734 [debug] [MainThread]: Sending event: {'category': 'dbt', 'action': 'invocation', 'label': 'end', 'context': [<snowplow_tracker.self_describing_json.SelfDescribingJson object at 0x000001AFB5C16960>, <snowplow_tracker.self_describing_json.SelfDescribingJson object at 0x000001AFB5DE3320>, <snowplow_tracker.self_describing_json.SelfDescribingJson object at 0x000001AFB5DB94C0>]}
[0m18:10:19.155731 [debug] [MainThread]: Flushing usage events
[0m11:16:50.156837 [debug] [MainThread]: Sending event: {'category': 'dbt', 'action': 'invocation', 'label': 'start', 'context': [<snowplow_tracker.self_describing_json.SelfDescribingJson object at 0x00000249FB8773B0>, <snowplow_tracker.self_describing_json.SelfDescribingJson object at 0x00000249FD793A10>, <snowplow_tracker.self_describing_json.SelfDescribingJson object at 0x00000249FD790C80>]}


============================== 11:16:50.166247 | 46e10de7-f790-491d-9706-f2693b0a94b9 ==============================
[0m11:16:50.166247 [info ] [MainThread]: Running with dbt=1.8.6
[0m11:16:50.168242 [debug] [MainThread]: running dbt with arguments {'printer_width': '80', 'indirect_selection': 'eager', 'log_cache_events': 'False', 'write_json': 'True', 'partial_parse': 'True', 'cache_selected_only': 'False', 'warn_error': 'None', 'version_check': 'True', 'fail_fast': 'False', 'log_path': 'logs', 'debug': 'False', 'profiles_dir': 'C:\\Users\\galwo\\.dbt', 'use_colors': 'True', 'use_experimental_parser': 'False', 'no_print': 'None', 'quiet': 'False', 'empty': 'None', 'log_format': 'default', 'static_parser': 'True', 'invocation_command': 'dbt init', 'introspect': 'True', 'target_path': 'None', 'warn_error_options': 'WarnErrorOptions(include=[], exclude=[])', 'send_anonymous_usage_stats': 'True'}
[0m11:19:12.023618 [info ] [MainThread]: A project called dbt_tutorial already exists here.
[0m11:19:12.025614 [debug] [MainThread]: Command `dbt init` succeeded at 11:19:12.025614 after 142.08 seconds
[0m11:19:12.026645 [debug] [MainThread]: Sending event: {'category': 'dbt', 'action': 'invocation', 'label': 'end', 'context': [<snowplow_tracker.self_describing_json.SelfDescribingJson object at 0x00000249FB8773B0>, <snowplow_tracker.self_describing_json.SelfDescribingJson object at 0x00000249FE29E840>, <snowplow_tracker.self_describing_json.SelfDescribingJson object at 0x00000249FE66A570>]}
[0m11:19:12.027641 [debug] [MainThread]: Flushing usage events
[0m14:43:30.845640 [debug] [MainThread]: Sending event: {'category': 'dbt', 'action': 'invocation', 'label': 'start', 'context': [<snowplow_tracker.self_describing_json.SelfDescribingJson object at 0x00000299366D0920>, <snowplow_tracker.self_describing_json.SelfDescribingJson object at 0x00000299381F58E0>, <snowplow_tracker.self_describing_json.SelfDescribingJson object at 0x00000299381F4F20>]}


============================== 14:43:30.845640 | d6e161e0-63f2-4a23-bc40-2056f08429db ==============================
[0m14:43:30.845640 [info ] [MainThread]: Running with dbt=1.8.6
[0m14:43:30.861263 [debug] [MainThread]: running dbt with arguments {'printer_width': '80', 'indirect_selection': 'eager', 'log_cache_events': 'False', 'write_json': 'True', 'partial_parse': 'True', 'cache_selected_only': 'False', 'profiles_dir': 'C:\\Users\\galwo\\.dbt', 'debug': 'False', 'warn_error': 'None', 'log_path': 'logs', 'fail_fast': 'False', 'version_check': 'True', 'use_colors': 'True', 'use_experimental_parser': 'False', 'no_print': 'None', 'quiet': 'False', 'empty': 'None', 'warn_error_options': 'WarnErrorOptions(include=[], exclude=[])', 'invocation_command': 'dbt debug', 'static_parser': 'True', 'introspect': 'True', 'target_path': 'None', 'log_format': 'default', 'send_anonymous_usage_stats': 'True'}
[0m14:43:30.898025 [info ] [MainThread]: dbt version: 1.8.6
[0m14:43:30.898025 [info ] [MainThread]: python version: 3.12.5
[0m14:43:30.898025 [info ] [MainThread]: python path: C:\Workspace\Bi\pythonProject\.venv\Scripts\python.exe
[0m14:43:30.898025 [info ] [MainThread]: os info: Windows-10-10.0.19045-SP0
[0m14:43:30.898025 [info ] [MainThread]: Error importing adapter: No module named 'dbt.adapters.bigquery'
[0m14:43:30.898025 [info ] [MainThread]: Using profiles dir at C:\Users\galwo\.dbt
[0m14:43:30.898025 [info ] [MainThread]: Using profiles.yml file at C:\Users\galwo\.dbt\profiles.yml
[0m14:43:30.913641 [info ] [MainThread]: Using dbt_project.yml file at C:\Workspace\Bi\dbt_project\dbt_project.yml
[0m14:43:30.913641 [info ] [MainThread]: Configuration:
[0m14:43:30.913641 [info ] [MainThread]:   profiles.yml file [[31mERROR invalid[0m]
[0m14:43:30.913641 [info ] [MainThread]:   dbt_project.yml file [[31mERROR not found[0m]
[0m14:43:30.913641 [info ] [MainThread]: Required dependencies:
[0m14:43:30.913641 [debug] [MainThread]: Executing "git --help"
[0m14:43:30.998261 [debug] [MainThread]: STDOUT: "b"usage: git [-v | --version] [-h | --help] [-C <path>] [-c <name>=<value>]\n           [--exec-path[=<path>]] [--html-path] [--man-path] [--info-path]\n           [-p | --paginate | -P | --no-pager] [--no-replace-objects] [--bare]\n           [--git-dir=<path>] [--work-tree=<path>] [--namespace=<name>]\n           [--super-prefix=<path>] [--config-env=<name>=<envvar>]\n           <command> [<args>]\n\nThese are common Git commands used in various situations:\n\nstart a working area (see also: git help tutorial)\n   clone     Clone a repository into a new directory\n   init      Create an empty Git repository or reinitialize an existing one\n\nwork on the current change (see also: git help everyday)\n   add       Add file contents to the index\n   mv        Move or rename a file, a directory, or a symlink\n   restore   Restore working tree files\n   rm        Remove files from the working tree and from the index\n\nexamine the history and state (see also: git help revisions)\n   bisect    Use binary search to find the commit that introduced a bug\n   diff      Show changes between commits, commit and working tree, etc\n   grep      Print lines matching a pattern\n   log       Show commit logs\n   show      Show various types of objects\n   status    Show the working tree status\n\ngrow, mark and tweak your common history\n   branch    List, create, or delete branches\n   commit    Record changes to the repository\n   merge     Join two or more development histories together\n   rebase    Reapply commits on top of another base tip\n   reset     Reset current HEAD to the specified state\n   switch    Switch branches\n   tag       Create, list, delete or verify a tag object signed with GPG\n\ncollaborate (see also: git help workflows)\n   fetch     Download objects and refs from another repository\n   pull      Fetch from and integrate with another repository or a local branch\n   push      Update remote refs along with associated objects\n\n'git help -a' and 'git help -g' list available subcommands and some\nconcept guides. See 'git help <command>' or 'git help <concept>'\nto read about a specific subcommand or concept.\nSee 'git help git' for an overview of the system.\n""
[0m14:43:30.998261 [debug] [MainThread]: STDERR: "b''"
[0m14:43:31.013882 [info ] [MainThread]:  - git [[32mOK found[0m]

[0m14:43:31.013882 [info ] [MainThread]: Connection test skipped since no profile was found
[0m14:43:31.013882 [info ] [MainThread]: [31m2 checks failed:[0m
[0m14:43:31.013882 [info ] [MainThread]: Could not load dbt_project.yml
Profile loading failed for the following reason:
Runtime Error
  Credentials in profile "dbt_tutorial", target "dev" invalid: Runtime Error
    Could not find adapter type bigquery!


[0m14:43:31.013882 [info ] [MainThread]: Project loading failed for the following reason:
 project path <C:\Workspace\Bi\dbt_project\dbt_project.yml> not found

[0m14:43:31.013882 [debug] [MainThread]: Command `dbt debug` failed at 14:43:31.013882 after 0.44 seconds
[0m14:43:31.013882 [debug] [MainThread]: Sending event: {'category': 'dbt', 'action': 'invocation', 'label': 'end', 'context': [<snowplow_tracker.self_describing_json.SelfDescribingJson object at 0x0000029938EE5EE0>, <snowplow_tracker.self_describing_json.SelfDescribingJson object at 0x0000029938EE60C0>, <snowplow_tracker.self_describing_json.SelfDescribingJson object at 0x00000299390423F0>]}
[0m14:43:31.013882 [debug] [MainThread]: Flushing usage events
[0m15:24:23.387626 [debug] [MainThread]: Sending event: {'category': 'dbt', 'action': 'invocation', 'label': 'start', 'context': [<snowplow_tracker.self_describing_json.SelfDescribingJson object at 0x0000024ADEF76240>, <snowplow_tracker.self_describing_json.SelfDescribingJson object at 0x0000024AE16E5D00>, <snowplow_tracker.self_describing_json.SelfDescribingJson object at 0x0000024AE16E6AE0>]}


============================== 15:24:23.403597 | 2a7e1c30-0061-4ca5-a236-f3c121f250f2 ==============================
[0m15:24:23.403597 [info ] [MainThread]: Running with dbt=1.8.6
[0m15:24:23.413563 [debug] [MainThread]: running dbt with arguments {'printer_width': '80', 'indirect_selection': 'eager', 'write_json': 'True', 'log_cache_events': 'False', 'partial_parse': 'True', 'cache_selected_only': 'False', 'profiles_dir': 'C:\\Users\\galwo\\.dbt', 'debug': 'False', 'warn_error': 'None', 'log_path': 'logs', 'version_check': 'True', 'fail_fast': 'False', 'use_colors': 'True', 'use_experimental_parser': 'False', 'empty': 'None', 'quiet': 'False', 'no_print': 'None', 'warn_error_options': 'WarnErrorOptions(include=[], exclude=[])', 'static_parser': 'True', 'invocation_command': 'dbt debug', 'introspect': 'True', 'target_path': 'None', 'log_format': 'default', 'send_anonymous_usage_stats': 'True'}
[0m15:24:23.532755 [info ] [MainThread]: dbt version: 1.8.6
[0m15:24:23.533754 [info ] [MainThread]: python version: 3.12.5
[0m15:24:23.535747 [info ] [MainThread]: python path: C:\workspace\bi\dbt_project\dbt_venv\Scripts\python.exe
[0m15:24:23.536746 [info ] [MainThread]: os info: Windows-10-10.0.19045-SP0
[0m15:24:28.884870 [info ] [MainThread]: Using profiles dir at C:\Users\galwo\.dbt
[0m15:24:28.886865 [info ] [MainThread]: Using profiles.yml file at C:\Users\galwo\.dbt\profiles.yml
[0m15:24:28.888860 [info ] [MainThread]: Using dbt_project.yml file at C:\Workspace\Bi\dbt_project\dbt_project.yml
[0m15:24:28.889857 [info ] [MainThread]: adapter type: bigquery
[0m15:24:28.891854 [info ] [MainThread]: adapter version: 1.8.2
[0m15:24:28.894846 [info ] [MainThread]: Configuration:
[0m15:24:28.896839 [info ] [MainThread]:   profiles.yml file [[32mOK found and valid[0m]
[0m15:24:28.901826 [info ] [MainThread]:   dbt_project.yml file [[31mERROR not found[0m]
[0m15:24:28.903819 [info ] [MainThread]: Required dependencies:
[0m15:24:28.904818 [debug] [MainThread]: Executing "git --help"
[0m15:24:29.019564 [debug] [MainThread]: STDOUT: "b"usage: git [-v | --version] [-h | --help] [-C <path>] [-c <name>=<value>]\n           [--exec-path[=<path>]] [--html-path] [--man-path] [--info-path]\n           [-p | --paginate | -P | --no-pager] [--no-replace-objects] [--bare]\n           [--git-dir=<path>] [--work-tree=<path>] [--namespace=<name>]\n           [--super-prefix=<path>] [--config-env=<name>=<envvar>]\n           <command> [<args>]\n\nThese are common Git commands used in various situations:\n\nstart a working area (see also: git help tutorial)\n   clone     Clone a repository into a new directory\n   init      Create an empty Git repository or reinitialize an existing one\n\nwork on the current change (see also: git help everyday)\n   add       Add file contents to the index\n   mv        Move or rename a file, a directory, or a symlink\n   restore   Restore working tree files\n   rm        Remove files from the working tree and from the index\n\nexamine the history and state (see also: git help revisions)\n   bisect    Use binary search to find the commit that introduced a bug\n   diff      Show changes between commits, commit and working tree, etc\n   grep      Print lines matching a pattern\n   log       Show commit logs\n   show      Show various types of objects\n   status    Show the working tree status\n\ngrow, mark and tweak your common history\n   branch    List, create, or delete branches\n   commit    Record changes to the repository\n   merge     Join two or more development histories together\n   rebase    Reapply commits on top of another base tip\n   reset     Reset current HEAD to the specified state\n   switch    Switch branches\n   tag       Create, list, delete or verify a tag object signed with GPG\n\ncollaborate (see also: git help workflows)\n   fetch     Download objects and refs from another repository\n   pull      Fetch from and integrate with another repository or a local branch\n   push      Update remote refs along with associated objects\n\n'git help -a' and 'git help -g' list available subcommands and some\nconcept guides. See 'git help <command>' or 'git help <concept>'\nto read about a specific subcommand or concept.\nSee 'git help git' for an overview of the system.\n""
[0m15:24:29.023499 [debug] [MainThread]: STDERR: "b''"
[0m15:24:29.024498 [info ] [MainThread]:  - git [[32mOK found[0m]

[0m15:24:29.026491 [info ] [MainThread]: Connection:
[0m15:24:29.027490 [info ] [MainThread]:   method: service-account
[0m15:24:29.029485 [info ] [MainThread]:   database: strange-bay-433318-g0
[0m15:24:29.030481 [info ] [MainThread]:   execution_project: strange-bay-433318-g0
[0m15:24:29.030481 [info ] [MainThread]:   schema: dbt
[0m15:24:29.032477 [info ] [MainThread]:   location: US
[0m15:24:29.033472 [info ] [MainThread]:   priority: interactive
[0m15:24:29.034470 [info ] [MainThread]:   maximum_bytes_billed: None
[0m15:24:29.035467 [info ] [MainThread]:   impersonate_service_account: None
[0m15:24:29.036466 [info ] [MainThread]:   job_retry_deadline_seconds: None
[0m15:24:29.037463 [info ] [MainThread]:   job_retries: 1
[0m15:24:29.039457 [info ] [MainThread]:   job_creation_timeout_seconds: None
[0m15:24:29.040455 [info ] [MainThread]:   job_execution_timeout_seconds: 300
[0m15:24:29.041452 [info ] [MainThread]:   timeout_seconds: 300
[0m15:24:29.043446 [info ] [MainThread]:   client_id: None
[0m15:24:29.045442 [info ] [MainThread]:   token_uri: None
[0m15:24:29.046438 [info ] [MainThread]:   dataproc_region: None
[0m15:24:29.055415 [info ] [MainThread]:   dataproc_cluster_name: None
[0m15:24:29.062396 [info ] [MainThread]:   gcs_bucket: None
[0m15:24:29.076359 [info ] [MainThread]:   dataproc_batch: None
[0m15:24:29.087328 [info ] [MainThread]: Registered adapter: bigquery=1.8.2
[0m15:24:29.089324 [debug] [MainThread]: Acquiring new bigquery connection 'debug'
[0m15:24:29.090321 [debug] [MainThread]: Opening a new connection, currently in state init
[0m15:24:29.094311 [debug] [MainThread]: On debug: select 1 as id
[0m15:24:30.271824 [debug] [MainThread]: BigQuery adapter: https://console.cloud.google.com/bigquery?project=strange-bay-433318-g0&j=bq:US:713e7757-eb28-41e1-9982-b3d473cdeb6b&page=queryresults
[0m15:24:30.987084 [info ] [MainThread]:   Connection test: [[32mOK connection ok[0m]

[0m15:24:30.997058 [info ] [MainThread]: [31m1 check failed:[0m
[0m15:24:31.002047 [info ] [MainThread]: Project loading failed for the following reason:
 project path <C:\Workspace\Bi\dbt_project\dbt_project.yml> not found

[0m15:24:31.014018 [debug] [MainThread]: Command `dbt debug` failed at 15:24:31.013013 after 8.04 seconds
[0m15:24:31.016007 [debug] [MainThread]: Connection 'debug' was properly closed.
[0m15:24:31.018002 [debug] [MainThread]: Sending event: {'category': 'dbt', 'action': 'invocation', 'label': 'end', 'context': [<snowplow_tracker.self_describing_json.SelfDescribingJson object at 0x0000024ADEF76240>, <snowplow_tracker.self_describing_json.SelfDescribingJson object at 0x0000024AE9E2A210>, <snowplow_tracker.self_describing_json.SelfDescribingJson object at 0x0000024AEC7A2D20>]}
[0m15:24:31.019000 [debug] [MainThread]: Flushing usage events
